# JRE version: Java(TM) SE Runtime Environment (8.0_73-b02) (build 1.8.0_73-b02)
# Java VM: Java HotSpot(TM) 64-Bit Server VM (25.73-b02 mixed mode bsd-amd64 compressed oops)
Heap:
 PSYoungGen      total 261632K, used 211967K [0x00000007aab00000, 0x00000007c0000000, 0x00000007c0000000)
  eden space 186368K, 83% used [0x00000007aab00000,0x00000007b421fd28,0x00000007b6100000)
  from space 75264K, 76% used [0x00000007bb680000,0x00000007bee601e0,0x00000007c0000000)
  to   space 81408K, 0% used [0x00000007b6100000,0x00000007b6100000,0x00000007bb080000)
 ParOldGen       total 699392K, used 87494K [0x0000000780000000, 0x00000007aab00000, 0x00000007aab00000)
  object space 699392K, 12% used [0x0000000780000000,0x0000000785571ba8,0x00000007aab00000)
 Metaspace       used 124700K, capacity 125583K, committed 125824K, reserved 1153024K
  class space    used 21053K, capacity 21319K, committed 21376K, reserved 1048576K
GC Heap History (10 events):
Event: 156.200 GC heap before
{Heap before GC invocations=21 (full 5):
 PSYoungGen      total 263680K, used 29947K [0x00000007aab00000, 0x00000007c0000000, 0x00000007c0000000)
  eden space 183296K, 1% used [0x00000007aab00000,0x00000007aadde470,0x00000007b5e00000)
  from space 80384K, 33% used [0x00000007b5e00000,0x00000007b7860980,0x00000007bac80000)
  to   space 76800K, 0% used [0x00000007bb500000,0x00000007bb500000,0x00000007c0000000)
 ParOldGen       total 699392K, used 73084K [0x0000000780000000, 0x00000007aab00000, 0x00000007aab00000)
  object space 699392K, 10% used [0x0000000780000000,0x000000078475f1b0,0x00000007aab00000)
 Metaspace       used 121794K, capacity 122573K, committed 123008K, reserved 1150976K
  class space    used 20803K, capacity 21064K, committed 21120K, reserved 1048576K
Event: 156.223 GC heap after
Heap after GC invocations=21 (full 5):
 PSYoungGen      total 274944K, used 22214K [0x00000007aab00000, 0x00000007c0000000, 0x00000007c0000000)
  eden space 198144K, 0% used [0x00000007aab00000,0x00000007aab00000,0x00000007b6c80000)
  from space 76800K, 28% used [0x00000007bb500000,0x00000007bcab1b88,0x00000007c0000000)
  to   space 74240K, 0% used [0x00000007b6c80000,0x00000007b6c80000,0x00000007bb500000)
 ParOldGen       total 699392K, used 73084K [0x0000000780000000, 0x00000007aab00000, 0x00000007aab00000)
  object space 699392K, 10% used [0x0000000780000000,0x000000078475f1b0,0x00000007aab00000)
 Metaspace       used 121794K, capacity 122573K, committed 123008K, reserved 1150976K
  class space    used 20803K, capacity 21064K, committed 21120K, reserved 1048576K
}
Event: 156.223 GC heap before
{Heap before GC invocations=22 (full 6):
 PSYoungGen      total 274944K, used 22214K [0x00000007aab00000, 0x00000007c0000000, 0x00000007c0000000)
  eden space 198144K, 0% used [0x00000007aab00000,0x00000007aab00000,0x00000007b6c80000)
  from space 76800K, 28% used [0x00000007bb500000,0x00000007bcab1b88,0x00000007c0000000)
  to   space 74240K, 0% used [0x00000007b6c80000,0x00000007b6c80000,0x00000007bb500000)
 ParOldGen       total 699392K, used 73084K [0x0000000780000000, 0x00000007aab00000, 0x00000007aab00000)
  object space 699392K, 10% used [0x0000000780000000,0x000000078475f1b0,0x00000007aab00000)
 Metaspace       used 121794K, capacity 122573K, committed 123008K, reserved 1150976K
  class space    used 20803K, capacity 21064K, committed 21120K, reserved 1048576K
Event: 156.939 GC heap after
Heap after GC invocations=22 (full 6):
 PSYoungGen      total 274944K, used 0K [0x00000007aab00000, 0x00000007c0000000, 0x00000007c0000000)
  eden space 198144K, 0% used [0x00000007aab00000,0x00000007aab00000,0x00000007b6c80000)
  from space 76800K, 0% used [0x00000007bb500000,0x00000007bb500000,0x00000007c0000000)
  to   space 74240K, 0% used [0x00000007b6c80000,0x00000007b6c80000,0x00000007bb500000)
 ParOldGen       total 699392K, used 87596K [0x0000000780000000, 0x00000007aab00000, 0x00000007aab00000)
  object space 699392K, 12% used [0x0000000780000000,0x000000078558b2c0,0x00000007aab00000)
 Metaspace       used 119950K, capacity 120581K, committed 123008K, reserved 1150976K
  class space    used 20252K, capacity 20476K, committed 21120K, reserved 1048576K
}
Event: 156.940 GC heap before
{Heap before GC invocations=23 (full 6):
 PSYoungGen      total 274944K, used 1949K [0x00000007aab00000, 0x00000007c0000000, 0x00000007c0000000)
  eden space 198144K, 0% used [0x00000007aab00000,0x00000007aace77a8,0x00000007b6c80000)
  from space 76800K, 0% used [0x00000007bb500000,0x00000007bb500000,0x00000007c0000000)
  to   space 74240K, 0% used [0x00000007b6c80000,0x00000007b6c80000,0x00000007bb500000)
 ParOldGen       total 699392K, used 87596K [0x0000000780000000, 0x00000007aab00000, 0x00000007aab00000)
  object space 699392K, 12% used [0x0000000780000000,0x000000078558b2c0,0x00000007aab00000)
 Metaspace       used 119950K, capacity 120581K, committed 123008K, reserved 1150976K
  class space    used 20252K, capacity 20476K, committed 21120K, reserved 1048576K
Event: 156.946 GC heap after
Heap after GC invocations=23 (full 6):
 PSYoungGen      total 272384K, used 32K [0x00000007aab00000, 0x00000007c0000000, 0x00000007c0000000)
  eden space 198144K, 0% used [0x00000007aab00000,0x00000007aab00000,0x00000007b6c80000)
  from space 74240K, 0% used [0x00000007b6c80000,0x00000007b6c88000,0x00000007bb500000)
  to   space 75264K, 0% used [0x00000007bb680000,0x00000007bb680000,0x00000007c0000000)
 ParOldGen       total 699392K, used 87596K [0x0000000780000000, 0x00000007aab00000, 0x00000007aab00000)
  object space 699392K, 12% used [0x0000000780000000,0x000000078558b2c0,0x00000007aab00000)
 Metaspace       used 119950K, capacity 120581K, committed 123008K, reserved 1150976K
  class space    used 20252K, capacity 20476K, committed 21120K, reserved 1048576K
}
Event: 156.946 GC heap before
{Heap before GC invocations=24 (full 7):
 PSYoungGen      total 272384K, used 32K [0x00000007aab00000, 0x00000007c0000000, 0x00000007c0000000)
  eden space 198144K, 0% used [0x00000007aab00000,0x00000007aab00000,0x00000007b6c80000)
  from space 74240K, 0% used [0x00000007b6c80000,0x00000007b6c88000,0x00000007bb500000)
  to   space 75264K, 0% used [0x00000007bb680000,0x00000007bb680000,0x00000007c0000000)
 ParOldGen       total 699392K, used 87596K [0x0000000780000000, 0x00000007aab00000, 0x00000007aab00000)
  object space 699392K, 12% used [0x0000000780000000,0x000000078558b2c0,0x00000007aab00000)
 Metaspace       used 119950K, capacity 120581K, committed 123008K, reserved 1150976K
  class space    used 20252K, capacity 20476K, committed 21120K, reserved 1048576K
Event: 157.196 GC heap after
Heap after GC invocations=24 (full 7):
 PSYoungGen      total 272384K, used 0K [0x00000007aab00000, 0x00000007c0000000, 0x00000007c0000000)
  eden space 198144K, 0% used [0x00000007aab00000,0x00000007aab00000,0x00000007b6c80000)
  from space 74240K, 0% used [0x00000007b6c80000,0x00000007b6c80000,0x00000007bb500000)
  to   space 75264K, 0% used [0x00000007bb680000,0x00000007bb680000,0x00000007c0000000)
 ParOldGen       total 699392K, used 87486K [0x0000000780000000, 0x00000007aab00000, 0x00000007aab00000)
  object space 699392K, 12% used [0x0000000780000000,0x000000078556fba8,0x00000007aab00000)
 Metaspace       used 119950K, capacity 120581K, committed 123008K, reserved 1150976K
  class space    used 20252K, capacity 20476K, committed 21120K, reserved 1048576K
}
Event: 241.115 GC heap before
{Heap before GC invocations=25 (full 7):
 PSYoungGen      total 272384K, used 198144K [0x00000007aab00000, 0x00000007c0000000, 0x00000007c0000000)
  eden space 198144K, 100% used [0x00000007aab00000,0x00000007b6c80000,0x00000007b6c80000)
  from space 74240K, 0% used [0x00000007b6c80000,0x00000007b6c80000,0x00000007bb500000)
  to   space 75264K, 0% used [0x00000007bb680000,0x00000007bb680000,0x00000007c0000000)
 ParOldGen       total 699392K, used 87486K [0x0000000780000000, 0x00000007aab00000, 0x00000007aab00000)
  object space 699392K, 12% used [0x0000000780000000,0x000000078556fba8,0x00000007aab00000)
 Metaspace       used 120783K, capacity 121501K, committed 123008K, reserved 1150976K
  class space    used 20430K, capacity 20672K, committed 21120K, reserved 1048576K
Event: 241.389 GC heap after
Heap after GC invocations=25 (full 7):
 PSYoungGen      total 261632K, used 57216K [0x00000007aab00000, 0x00000007c0000000, 0x00000007c0000000)
  eden space 186368K, 0% used [0x00000007aab00000,0x00000007aab00000,0x00000007b6100000)
  from space 75264K, 76% used [0x00000007bb680000,0x00000007bee601e0,0x00000007c0000000)
  to   space 81408K, 0% used [0x00000007b6100000,0x00000007b6100000,0x00000007bb080000)
 ParOldGen       total 699392K, used 87494K [0x0000000780000000, 0x00000007aab00000, 0x00000007aab00000)
  object space 699392K, 12% used [0x0000000780000000,0x0000000785571ba8,0x00000007aab00000)
 Metaspace       used 120783K, capacity 121501K, committed 123008K, reserved 1150976K
  class space    used 20430K, capacity 20672K, committed 21120K, reserved 1048576K
}

